[debug] [2025-10-03T08:11:10.970Z] ----------------------------------------------------------------------
[debug] [2025-10-03T08:11:10.972Z] Command:       C:\Program Files\nodejs\node.exe C:\Users\Zakharii\AppData\Roaming\npm\node_modules\firebase-tools\lib\bin\firebase.js init hosting
[debug] [2025-10-03T08:11:10.973Z] CLI Version:   14.18.0
[debug] [2025-10-03T08:11:10.973Z] Platform:      win32
[debug] [2025-10-03T08:11:10.973Z] Node Version:  v20.11.1
[debug] [2025-10-03T08:11:10.973Z] Time:          Fri Oct 03 2025 11:11:10 GMT+0300 (за східноєвропейським літнім часом)
[debug] [2025-10-03T08:11:10.973Z] ----------------------------------------------------------------------
[debug] 
[debug] [2025-10-03T08:11:10.979Z] > command requires scopes: ["email","openid","https://www.googleapis.com/auth/cloudplatformprojects.readonly","https://www.googleapis.com/auth/firebase","https://www.googleapis.com/auth/cloud-platform"]
[debug] [2025-10-03T08:11:10.979Z] > authorizing via signed-in user (frontend2024zahar@gmail.com)
[info] 
     ######## #### ########  ######## ########     ###     ######  ########
     ##        ##  ##     ## ##       ##     ##  ##   ##  ##       ##
     ######    ##  ########  ######   ########  #########  ######  ######
     ##        ##  ##    ##  ##       ##     ## ##     ##       ## ##
     ##       #### ##     ## ######## ########  ##     ##  ######  ########

You're about to initialize a Firebase project in this directory:

  C:\Users\Zakharii\Desktop\get_data_try

[info] 
=== Project Setup
[info] 
[info] First, let's associate this project directory with a Firebase project.
[info] You can create multiple project aliases by running firebase use --add, 
[info] but for now we'll just set up a default project.
[info] 
[debug] [2025-10-03T08:11:27.678Z] Checked if tokens are valid: true, expires at: 1759482597639
[debug] [2025-10-03T08:11:27.678Z] Checked if tokens are valid: true, expires at: 1759482597639
[debug] [2025-10-03T08:11:27.680Z] >>> [apiv2][query] GET https://firebase.googleapis.com/v1beta1/projects pageSize=100
[debug] [2025-10-03T08:11:28.572Z] <<< [apiv2][status] GET https://firebase.googleapis.com/v1beta1/projects 200
[debug] [2025-10-03T08:11:28.572Z] <<< [apiv2][body] GET https://firebase.googleapis.com/v1beta1/projects [omitted]
[info] i  Using project meeting-room-booking-57562 (meeting-room-booking) 
[info] 
=== Hosting Setup
[debug] [2025-10-03T08:11:31.354Z] Checked if tokens are valid: true, expires at: 1759482597639
[debug] [2025-10-03T08:11:31.354Z] Checked if tokens are valid: true, expires at: 1759482597639
[debug] [2025-10-03T08:11:31.355Z] >>> [apiv2][query] GET https://firebase.googleapis.com/v1beta1/projects/meeting-room-booking-57562 [none]
[debug] [2025-10-03T08:11:31.741Z] <<< [apiv2][status] GET https://firebase.googleapis.com/v1beta1/projects/meeting-room-booking-57562 200
[debug] [2025-10-03T08:11:31.741Z] <<< [apiv2][body] GET https://firebase.googleapis.com/v1beta1/projects/meeting-room-booking-57562 {"projectId":"meeting-room-booking-57562","projectNumber":"602392576479","displayName":"meeting-room-booking","name":"projects/meeting-room-booking-57562","resources":{"hostingSite":"meeting-room-booking-57562"},"state":"ACTIVE","etag":"1_b8c77422-d8d2-4e80-ba2b-bc0a27d6922e"}
[info] 
[info] Your public directory is the folder (relative to your project directory) that
[info] will contain Hosting assets to be uploaded with firebase deploy. If you
[info] have a build process for your assets, use your build's output directory.
[info] 
[debug] [2025-10-03T08:14:04.630Z] ExitPromptError: User force closed the prompt with SIGINT
    at Interface.sigint (C:\Users\Zakharii\AppData\Roaming\npm\node_modules\firebase-tools\node_modules\@inquirer\core\dist\commonjs\lib\create-prompt.js:101:37)
    at Interface.emit (node:events:518:28)
    at Interface.emit (node:domain:488:12)
    at [_ttyWrite] [as _ttyWrite] (node:internal/readline/interface:1125:18)
    at ReadStream.onkeypress (node:internal/readline/interface:264:20)
    at ReadStream.emit (node:events:530:35)
    at ReadStream.emit (node:domain:488:12)
    at emitKeys (node:internal/readline/utils:371:14)
    at emitKeys.next (<anonymous>)
    at ReadStream.onData (node:internal/readline/emitKeypressEvents:64:36)
[error] 
[error] Error: An unexpected error has occurred.
